2020-06-18 23:21:16 | INFO  [main] (PluginController.java:92) - Creating PluginController Instance
2020-06-18 23:21:16 | INFO  [main] (PluginController.java:111) - Loaded Local Plugins
2020-06-18 23:21:16 | INFO  [main] (PluginController.java:116) - Added default storage plugin
2020-06-18 23:21:16 | INFO  [main] (PluginController.java:239) - Initializing plugin rest interfaces
2020-06-18 23:21:16 | INFO  [main] (PluginController.java:253) - Finished initializing rest interfaces
2020-06-18 23:21:16 | INFO  [main] (PluginController.java:257) - Initializing jetty interface
2020-06-18 23:21:16 | INFO  [main] (ControlServices.java:155) - Starting DICOM Storage SCP
2020-06-18 23:21:16 | INFO  [DicoogleStorage-1] (NetworkConnection.java:631) - Start listening on 0.0.0.0/0.0.0.0:6666
2020-06-18 23:21:16 | INFO  [main] (ControlServices.java:185) - Starting DICOM QueryRetrieve
2020-06-18 23:21:16 | INFO  [main] (ControlServices.java:211) - Starting WebServer
2020-06-18 23:21:16 | INFO  [DICOOGLE-STORAGE-2] (NetworkConnection.java:631) - Start listening on 0.0.0.0/0.0.0.0:1045
2020-06-18 23:21:16 | INFO  [main] (DicoogleWeb.java:127) - Starting Web Services in DicoogleWeb. Port: 8080
2020-06-18 23:21:16 | INFO  [main] (Server.java:284) - jetty-9.0.3.v20130506
2020-06-18 23:21:16 | INFO  [main] (ContextHandler.java:727) - Started o.e.j.s.ServletContextHandler@1cf2fed4{/,null,AVAILABLE}
2020-06-18 23:21:16 | INFO  [main] (ContextHandler.java:727) - Started o.e.j.s.ServletContextHandler@3af4e0bf{/,null,AVAILABLE}
2020-06-18 23:21:16 | INFO  [main] (ContextHandler.java:727) - Started o.e.j.s.ServletContextHandler@245a26e1{/,null,AVAILABLE}
2020-06-18 23:21:16 | INFO  [main] (ContextHandler.java:727) - Started o.e.j.s.ServletContextHandler@4d63b624{/,null,AVAILABLE}
2020-06-18 23:21:16 | INFO  [main] (ContextHandler.java:727) - Started o.e.j.s.ServletContextHandler@466cf502{/,null,AVAILABLE}
2020-06-18 23:21:16 | INFO  [main] (ContextHandler.java:727) - Started o.e.j.s.ServletContextHandler@5b800468{/,null,AVAILABLE}
2020-06-18 23:21:16 | INFO  [main] (ContextHandler.java:727) - Started o.e.j.s.ServletContextHandler@2e185cd7{/,null,AVAILABLE}
2020-06-18 23:21:16 | INFO  [main] (ContextHandler.java:727) - Started o.e.j.s.ServletContextHandler@7e1a1da6{/,null,AVAILABLE}
2020-06-18 23:21:16 | INFO  [main] (ContextHandler.java:727) - Started o.e.j.s.ServletContextHandler@5f7f2382{/,null,AVAILABLE}
2020-06-18 23:21:16 | INFO  [main] (ContextHandler.java:727) - Started o.e.j.s.ServletContextHandler@407cf41{/,null,AVAILABLE}
2020-06-18 23:21:16 | INFO  [main] (ContextHandler.java:727) - Started o.e.j.s.ServletContextHandler@6815c5f2{/,null,AVAILABLE}
2020-06-18 23:21:16 | INFO  [main] (ContextHandler.java:727) - Started o.e.j.s.ServletContextHandler@46cc127b{/,null,AVAILABLE}
2020-06-18 23:21:16 | INFO  [main] (ContextHandler.java:727) - Started o.e.j.s.ServletContextHandler@60094a13{/,null,AVAILABLE}
2020-06-18 23:21:16 | INFO  [main] (ContextHandler.java:727) - Started o.e.j.s.ServletContextHandler@5aceec94{/,null,AVAILABLE}
2020-06-18 23:21:16 | INFO  [main] (ContextHandler.java:727) - Started o.e.j.s.ServletContextHandler@1c32886a{/,null,AVAILABLE}
2020-06-18 23:21:16 | INFO  [main] (ContextHandler.java:727) - Started o.e.j.s.ServletContextHandler@3a4b0e5d{/,null,AVAILABLE}
2020-06-18 23:21:16 | INFO  [main] (ContextHandler.java:727) - Started o.e.j.s.ServletContextHandler@10b892d5{/,null,AVAILABLE}
2020-06-18 23:21:16 | INFO  [main] (ContextHandler.java:727) - Started o.e.j.s.ServletContextHandler@3d3f761a{/,null,AVAILABLE}
2020-06-18 23:21:16 | INFO  [main] (ContextHandler.java:727) - Started o.e.j.s.ServletContextHandler@3546d80f{/,null,AVAILABLE}
2020-06-18 23:21:16 | INFO  [main] (ContextHandler.java:727) - Started o.e.j.s.ServletContextHandler@579d011c{/,null,AVAILABLE}
2020-06-18 23:21:16 | INFO  [main] (ContextHandler.java:727) - Started o.e.j.s.ServletContextHandler@3670f00{/,null,AVAILABLE}
2020-06-18 23:21:16 | INFO  [main] (ContextHandler.java:727) - Started o.e.j.s.ServletContextHandler@452e26d0{/,null,AVAILABLE}
2020-06-18 23:21:16 | INFO  [main] (ContextHandler.java:727) - Started o.e.j.s.ServletContextHandler@46ab18da{/,null,AVAILABLE}
2020-06-18 23:21:16 | INFO  [main] (ContextHandler.java:727) - Started o.e.j.s.ServletContextHandler@790174f2{/,null,AVAILABLE}
2020-06-18 23:21:16 | INFO  [main] (ContextHandler.java:727) - Started o.e.j.s.ServletContextHandler@42257bdd{/,null,AVAILABLE}
2020-06-18 23:21:16 | INFO  [main] (ContextHandler.java:727) - Started o.e.j.s.ServletContextHandler@7689ddef{/,null,AVAILABLE}
2020-06-18 23:21:16 | INFO  [main] (ContextHandler.java:727) - Started o.e.j.s.ServletContextHandler@687a762c{/,null,AVAILABLE}
2020-06-18 23:21:16 | INFO  [main] (ContextHandler.java:727) - Started o.e.j.s.ServletContextHandler@1a2e2935{/,null,AVAILABLE}
2020-06-18 23:21:16 | INFO  [main] (ContextHandler.java:727) - Started o.e.j.s.ServletContextHandler@733c423e{/,null,AVAILABLE}
2020-06-18 23:21:16 | INFO  [main] (ContextHandler.java:727) - Started o.e.j.s.ServletContextHandler@4b629f13{/,null,AVAILABLE}
2020-06-18 23:21:16 | INFO  [main] (ContextHandler.java:727) - Started o.e.j.s.ServletContextHandler@70925b45{/,null,AVAILABLE}
2020-06-18 23:21:16 | INFO  [main] (ContextHandler.java:727) - Started o.e.j.s.ServletContextHandler@1b9ea3e3{/,null,AVAILABLE}
2020-06-18 23:21:16 | INFO  [main] (ContextHandler.java:727) - Started o.e.j.s.ServletContextHandler@aa22f1c{/,null,AVAILABLE}
2020-06-18 23:21:16 | INFO  [main] (ContextHandler.java:727) - Started o.e.j.s.ServletContextHandler@55e7a35c{/,null,AVAILABLE}
2020-06-18 23:21:16 | INFO  [main] (ContextHandler.java:727) - Started o.e.j.s.ServletContextHandler@37cd92d6{/,null,AVAILABLE}
2020-06-18 23:21:16 | INFO  [main] (ContextHandler.java:727) - Started o.e.j.s.ServletContextHandler@3deb2326{/,null,AVAILABLE}
2020-06-18 23:21:16 | INFO  [main] (ContextHandler.java:727) - Started o.e.j.s.ServletContextHandler@62d363ab{/,null,AVAILABLE}
2020-06-18 23:21:16 | INFO  [main] (ContextHandler.java:727) - Started o.e.j.s.ServletContextHandler@7889a1ac{/,null,AVAILABLE}
2020-06-18 23:21:16 | INFO  [main] (ContextHandler.java:727) - Started o.e.j.s.ServletContextHandler@3aee3976{/,null,AVAILABLE}
2020-06-18 23:21:16 | INFO  [main] (ContextHandler.java:727) - Started o.e.j.s.ServletContextHandler@5ef8df1e{/,null,AVAILABLE}
2020-06-18 23:21:16 | INFO  [main] (ContextHandler.java:727) - Started o.e.j.s.ServletContextHandler@27cf3151{/,null,AVAILABLE}
2020-06-18 23:21:16 | INFO  [main] (StandardDescriptorProcessor.java:275) - NO JSP Support for /, did not find org.apache.jasper.servlet.JspServlet
2020-06-18 23:21:16 | INFO  [main] (ContextHandler.java:727) - Started o.e.j.w.WebAppContext@2a551a63{/,file:/D:/Repos/Java/dicoogle/dicoogle/target/classes/webapp/,AVAILABLE}{file:/D:/Repos/Java/dicoogle/dicoogle/target/classes/webapp}
2020-06-18 23:21:16 | INFO  [main] (AbstractConnector.java:265) - Started ServerConnector@3704122f{HTTP/1.1}{0.0.0.0:8080}
2020-06-18 23:21:16 | INFO  [main] (ControlServices.java:218) - Starting Dicoogle Web
2020-06-18 23:21:16 | INFO  [main] (PluginController.java:124) - Initialized plugins
